<?xml version="1.0" encoding="UTF-8" ?>
<testsuite failures="0" time="1.474" errors="0" skipped="0" tests="13" name="work.sample.codingpuzzle.TestPuzzle">
  <properties>
[...]
</properties>
  <testcase time="0.699" classname="work.sample.codingpuzzle.TestPuzzle" name="testCase6"/>
  <testcase time="0" classname="work.sample.codingpuzzle.TestPuzzle" name="testCase7"/>
  <testcase time="0.001" classname="work.sample.codingpuzzle.TestPuzzle" name="testCase8"/>
  <testcase time="0.001" classname="work.sample.codingpuzzle.TestPuzzle" name="testCase1a"/>
  <testcase time="0.001" classname="work.sample.codingpuzzle.TestPuzzle" name="testCase1b"/>
  <testcase time="0.001" classname="work.sample.codingpuzzle.TestPuzzle" name="testCase2a"/>
  <testcase time="0" classname="work.sample.codingpuzzle.TestPuzzle" name="testCase2b"/>
  <testcase time="0" classname="work.sample.codingpuzzle.TestPuzzle" name="testCase3a"/>
  <testcase time="0" classname="work.sample.codingpuzzle.TestPuzzle" name="testCase3b"/>
  <testcase time="0" classname="work.sample.codingpuzzle.TestPuzzle" name="testCase4a"/>
  <testcase time="0" classname="work.sample.codingpuzzle.TestPuzzle" name="testCase4b"/>
  <testcase time="0.001" classname="work.sample.codingpuzzle.TestPuzzle" name="testCase5a"/>
  <testcase time="0.001" classname="work.sample.codingpuzzle.TestPuzzle" name="testCase5b"/>
</testsuite>